-------------------------------------------------------------------------------
Test set: com.mycompany.service.BookTester
-------------------------------------------------------------------------------
Tests run: 11, Failures: 0, Errors: 3, Skipped: 0, Time elapsed: 4.582 s <<< FAILURE! - in com.mycompany.service.BookTester
tesAddProductParams{String, BigDecimal, int, int, boolean}[1]  Time elapsed: 0.051 s  <<< ERROR!
org.junit.jupiter.api.extension.ParameterResolutionException: Error converting parameter at index 3: Failed to convert String "true" to type java.lang.Integer
Caused by: org.junit.jupiter.params.converter.ArgumentConversionException: Failed to convert String "true" to type java.lang.Integer
Caused by: java.lang.NumberFormatException: For input string: "true"

tesAddProductParams{String, BigDecimal, int, int, boolean}[2]  Time elapsed: 0.001 s  <<< ERROR!
org.junit.jupiter.api.extension.ParameterResolutionException: Error converting parameter at index 3: Failed to convert String "false" to type java.lang.Integer
Caused by: org.junit.jupiter.params.converter.ArgumentConversionException: Failed to convert String "false" to type java.lang.Integer
Caused by: java.lang.NumberFormatException: For input string: "false"

tesAddProductParams{String, BigDecimal, int, int, boolean}[3]  Time elapsed: 0.001 s  <<< ERROR!
org.junit.jupiter.api.extension.ParameterResolutionException: Error converting parameter at index 3: Failed to convert String "false" to type java.lang.Integer
Caused by: org.junit.jupiter.params.converter.ArgumentConversionException: Failed to convert String "false" to type java.lang.Integer
Caused by: java.lang.NumberFormatException: For input string: "false"

