<?xml version="1.0" encoding="UTF-8"?>
<testsuite xmlns:xsi="http://www.w3.org/2001/XMLSchema-instance" xsi:noNamespaceSchemaLocation="https://maven.apache.org/surefire/maven-surefire-plugin/xsd/surefire-test-report.xsd" name="com.mycompany.service.BookTester" time="4.582" tests="11" errors="3" skipped="0" failures="0">
  <properties>
[...]
</properties>
  <testcase name="testException" classname="com.mycompany.service.BookTester" time="0.012"/>
  <testcase name="testTimeout" classname="com.mycompany.service.BookTester" time="0.109"/>
  <testcase name="testWithKeyWord" classname="com.mycompany.service.BookTester" time="0.005"/>
  <testcase name="tesAddBook" classname="com.mycompany.service.BookTester" time="0.382"/>
  <testcase name="tesAddProductParams{String, BigDecimal, int, int, boolean}[1]" classname="com.mycompany.service.BookTester" time="0.051">
    <error message="Error converting parameter at index 3: Failed to convert String &quot;true&quot; to type java.lang.Integer" type="org.junit.jupiter.api.extension.ParameterResolutionException">org.junit.jupiter.api.extension.ParameterResolutionException: Error converting parameter at index 3: Failed to convert String "true" to type java.lang.Integer
Caused by: org.junit.jupiter.params.converter.ArgumentConversionException: Failed to convert String "true" to type java.lang.Integer
Caused by: java.lang.NumberFormatException: For input string: "true"
</error>
  </testcase>
  <testcase name="tesAddProductParams{String, BigDecimal, int, int, boolean}[2]" classname="com.mycompany.service.BookTester" time="0.001">
    <error message="Error converting parameter at index 3: Failed to convert String &quot;false&quot; to type java.lang.Integer" type="org.junit.jupiter.api.extension.ParameterResolutionException">org.junit.jupiter.api.extension.ParameterResolutionException: Error converting parameter at index 3: Failed to convert String "false" to type java.lang.Integer
Caused by: org.junit.jupiter.params.converter.ArgumentConversionException: Failed to convert String "false" to type java.lang.Integer
Caused by: java.lang.NumberFormatException: For input string: "false"
</error>
  </testcase>
  <testcase name="tesAddProductParams{String, BigDecimal, int, int, boolean}[3]" classname="com.mycompany.service.BookTester" time="0.001">
    <error message="Error converting parameter at index 3: Failed to convert String &quot;false&quot; to type java.lang.Integer" type="org.junit.jupiter.api.extension.ParameterResolutionException">org.junit.jupiter.api.extension.ParameterResolutionException: Error converting parameter at index 3: Failed to convert String "false" to type java.lang.Integer
Caused by: org.junit.jupiter.params.converter.ArgumentConversionException: Failed to convert String "false" to type java.lang.Integer
Caused by: java.lang.NumberFormatException: For input string: "false"
</error>
  </testcase>
  <testcase name="testWithUnknownKeyWord" classname="com.mycompany.service.BookTester" time="0.003"/>
  <testcase name="tesAddBookWithInvalidCusId" classname="com.mycompany.service.BookTester" time="0.516"/>
  <testcase name="tesAddBookWithInvalidCate" classname="com.mycompany.service.BookTester" time="0.07"/>
  <testcase name="tesAddBookWithNameNull" classname="com.mycompany.service.BookTester" time="0.019"/>
</testsuite>