<?xml version="1.0" encoding="UTF-8"?>
<testsuite xmlns:xsi="http://www.w3.org/2001/XMLSchema-instance" xsi:noNamespaceSchemaLocation="https://maven.apache.org/surefire/maven-surefire-plugin/xsd/surefire-test-report.xsd" name="com.mycompany.service.Book_catalogTester" time="0.976" tests="2" errors="0" skipped="0" failures="0">
  <properties>
[...]
</properties>
  <testcase name="testQuantity" classname="com.mycompany.service.Book_catalogTester" time="0.932"/>
  <testcase name="testUniqueName" classname="com.mycompany.service.Book_catalogTester" time="0.037"/>
</testsuite>