<?xml version="1.0" encoding="UTF-8"?>
<testsuite xmlns:xsi="http://www.w3.org/2001/XMLSchema-instance" xsi:noNamespaceSchemaLocation="https://maven.apache.org/surefire/maven-surefire-plugin/xsd/surefire-test-report.xsd" name="com.mycompany.service.BookTester" time="0.506" tests="11" errors="10" skipped="0" failures="0">
  <properties>
[...]
</properties>
  <testcase name="testException" classname="com.mycompany.service.BookTester" time="0.005"/>
  <testcase name="testTimeout" classname="com.mycompany.service.BookTester" time="0.012">
    <error message="Cannot invoke &quot;java.sql.Connection.prepareStatement(String)&quot; because &quot;this.conn&quot; is null" type="java.lang.NullPointerException">java.lang.NullPointerException: Cannot invoke "java.sql.Connection.prepareStatement(String)" because "this.conn" is null
	at com.mycompany.booksellapp/com.mycompany.service.BookTester.lambda$testTimeout$2(BookTester.java:91)
</error>
  </testcase>
  <testcase name="testWithKeyWord" classname="com.mycompany.service.BookTester" time="0.001">
    <error message="Cannot invoke &quot;java.sql.Connection.prepareStatement(String)&quot; because &quot;this.conn&quot; is null" type="java.lang.NullPointerException">java.lang.NullPointerException: Cannot invoke "java.sql.Connection.prepareStatement(String)" because "this.conn" is null
	at com.mycompany.booksellapp/com.mycompany.service.BookTester.testWithKeyWord(BookTester.java:56)
</error>
  </testcase>
  <testcase name="tesAddBook" classname="com.mycompany.service.BookTester" time="0.001">
    <error message="Cannot invoke &quot;java.sql.Connection.prepareStatement(String)&quot; because &quot;this.conn&quot; is null" type="java.lang.NullPointerException">java.lang.NullPointerException: Cannot invoke "java.sql.Connection.prepareStatement(String)" because "this.conn" is null
	at com.mycompany.booksellapp/com.mycompany.service.BookTester.tesAddBook(BookTester.java:144)
</error>
  </testcase>
  <testcase name="tesAddProductParams{String, BigDecimal, int, int, boolean}[1]" classname="com.mycompany.service.BookTester" time="0.019">
    <error message="Error converting parameter at index 3: Failed to convert String &quot;true&quot; to type java.lang.Integer" type="org.junit.jupiter.api.extension.ParameterResolutionException">org.junit.jupiter.api.extension.ParameterResolutionException: Error converting parameter at index 3: Failed to convert String "true" to type java.lang.Integer
Caused by: org.junit.jupiter.params.converter.ArgumentConversionException: Failed to convert String "true" to type java.lang.Integer
Caused by: java.lang.NumberFormatException: For input string: "true"
</error>
  </testcase>
  <testcase name="tesAddProductParams{String, BigDecimal, int, int, boolean}[2]" classname="com.mycompany.service.BookTester" time="0.001">
    <error message="Error converting parameter at index 3: Failed to convert String &quot;false&quot; to type java.lang.Integer" type="org.junit.jupiter.api.extension.ParameterResolutionException">org.junit.jupiter.api.extension.ParameterResolutionException: Error converting parameter at index 3: Failed to convert String "false" to type java.lang.Integer
Caused by: org.junit.jupiter.params.converter.ArgumentConversionException: Failed to convert String "false" to type java.lang.Integer
Caused by: java.lang.NumberFormatException: For input string: "false"
</error>
  </testcase>
  <testcase name="tesAddProductParams{String, BigDecimal, int, int, boolean}[3]" classname="com.mycompany.service.BookTester" time="0.001">
    <error message="Error converting parameter at index 3: Failed to convert String &quot;false&quot; to type java.lang.Integer" type="org.junit.jupiter.api.extension.ParameterResolutionException">org.junit.jupiter.api.extension.ParameterResolutionException: Error converting parameter at index 3: Failed to convert String "false" to type java.lang.Integer
Caused by: org.junit.jupiter.params.converter.ArgumentConversionException: Failed to convert String "false" to type java.lang.Integer
Caused by: java.lang.NumberFormatException: For input string: "false"
</error>
  </testcase>
  <testcase name="testWithUnknownKeyWord" classname="com.mycompany.service.BookTester" time="0">
    <error message="Cannot invoke &quot;java.sql.Connection.prepareStatement(String)&quot; because &quot;this.conn&quot; is null" type="java.lang.NullPointerException">java.lang.NullPointerException: Cannot invoke "java.sql.Connection.prepareStatement(String)" because "this.conn" is null
	at com.mycompany.booksellapp/com.mycompany.service.BookTester.testWithUnknownKeyWord(BookTester.java:71)
</error>
  </testcase>
  <testcase name="tesAddBookWithInvalidCusId" classname="com.mycompany.service.BookTester" time="0">
    <error message="Cannot invoke &quot;java.sql.Connection.prepareStatement(String)&quot; because &quot;this.conn&quot; is null" type="java.lang.NullPointerException">java.lang.NullPointerException: Cannot invoke "java.sql.Connection.prepareStatement(String)" because "this.conn" is null
	at com.mycompany.booksellapp/com.mycompany.service.BookTester.tesAddBookWithInvalidCusId(BookTester.java:131)
</error>
  </testcase>
  <testcase name="tesAddBookWithInvalidCate" classname="com.mycompany.service.BookTester" time="0.001">
    <error message="Cannot invoke &quot;java.sql.Connection.prepareStatement(String)&quot; because &quot;this.conn&quot; is null" type="java.lang.NullPointerException">java.lang.NullPointerException: Cannot invoke "java.sql.Connection.prepareStatement(String)" because "this.conn" is null
	at com.mycompany.booksellapp/com.mycompany.service.BookTester.tesAddBookWithInvalidCate(BookTester.java:119)
</error>
  </testcase>
  <testcase name="tesAddBookWithNameNull" classname="com.mycompany.service.BookTester" time="0.001">
    <error message="Cannot invoke &quot;java.sql.Connection.prepareStatement(String)&quot; because &quot;this.conn&quot; is null" type="java.lang.NullPointerException">java.lang.NullPointerException: Cannot invoke "java.sql.Connection.prepareStatement(String)" because "this.conn" is null
	at com.mycompany.booksellapp/com.mycompany.service.BookTester.tesAddBookWithNameNull(BookTester.java:106)
</error>
  </testcase>
</testsuite>